<?xml version="1.0" encoding="UTF-8"?>
<!-- Generated by org.testng.reporters.JUnitReportReporter -->
<testsuite skipped="0" hostname="tsowjany" name="com.training.sanity.tests.AdminRewardsPointTest" tests="1" failures="0" timestamp="19 Jun 2019 05:52:19 GMT" time="75.309" errors="0">
  <testcase name="validLoginTest" time="75.309" classname="com.training.sanity.tests.AdminRewardsPointTest"/>
</testsuite> <!-- com.training.sanity.tests.AdminRewardsPointTest -->
