<?xml version="1.0" encoding="UTF-8"?>
<!-- Generated by org.testng.reporters.JUnitReportReporter -->
<testsuite skipped="0" hostname="tsowjany" name="com.training.sanity.tests.AdminFliterTaxTest" tests="1" failures="0" timestamp="14 Jun 2019 09:33:24 GMT" time="28.529" errors="0">
  <testcase name="validLoginTest" time="28.529" classname="com.training.sanity.tests.AdminFliterTaxTest"/>
</testsuite> <!-- com.training.sanity.tests.AdminFliterTaxTest -->
