<?xml version="1.0" encoding="UTF-8"?>
<!-- Generated by org.testng.reporters.JUnitReportReporter -->
<testsuite skipped="0" hostname="tsowjany" name="com.training.sanity.tests.UniformTest" tests="1" failures="0" timestamp="17 Jun 2019 05:52:42 GMT" time="16.178" errors="0">
  <testcase name="validLoginTest" time="16.178" classname="com.training.sanity.tests.UniformTest"/>
</testsuite> <!-- com.training.sanity.tests.UniformTest -->
