<?xml version="1.0" encoding="UTF-8"?>
<!-- Generated by org.testng.reporters.JUnitReportReporter -->
<testsuite skipped="0" hostname="tsowjany" name="com.training.sanity.tests.AdminCategoryTest" tests="1" failures="0" timestamp="20 Jun 2019 05:48:28 GMT" time="48.191" errors="0">
  <testcase name="validLoginTest" time="48.191" classname="com.training.sanity.tests.AdminCategoryTest"/>
</testsuite> <!-- com.training.sanity.tests.AdminCategoryTest -->
