<?xml version="1.0" encoding="UTF-8"?>
<!-- Generated by org.testng.reporters.JUnitReportReporter -->
<testsuite skipped="0" hostname="tsowjany" name="com.training.sanity.tests.OrderProductTest" tests="1" failures="0" timestamp="20 Jun 2019 04:24:43 GMT" time="38.024" errors="0">
  <testcase name="validLoginTest" time="38.024" classname="com.training.sanity.tests.OrderProductTest"/>
</testsuite> <!-- com.training.sanity.tests.OrderProductTest -->
