<?xml version="1.0" encoding="UTF-8"?>
<!-- Generated by org.testng.reporters.JUnitReportReporter -->
<testsuite skipped="0" hostname="tsowjany" name="com.training.sanity.tests.AdminFilterTest" tests="1" failures="0" timestamp="17 Jun 2019 04:49:33 GMT" time="19.451" errors="0">
  <testcase name="validLoginTest" time="19.451" classname="com.training.sanity.tests.AdminFilterTest"/>
</testsuite> <!-- com.training.sanity.tests.AdminFilterTest -->
