<?xml version="1.0" encoding="UTF-8"?>
<!-- Generated by org.testng.reporters.JUnitReportReporter -->
<testsuite skipped="0" hostname="tsowjany" name="com.training.sanity.tests.InvalidCredentialsTest" tests="1" failures="0" timestamp="18 Jun 2019 12:20:07 GMT" time="30.531" errors="0">
  <testcase name="validLoginTest" time="30.531" classname="com.training.sanity.tests.InvalidCredentialsTest"/>
</testsuite> <!-- com.training.sanity.tests.InvalidCredentialsTest -->
